2025-08-06T13:20:09.535+03:00  INFO 11558 --- [KodluyoruzSpringBoot] [main] c.a.KodluyoruzSpringBootApplicationTests : Starting KodluyoruzSpringBootApplicationTests using Java 17.0.1 with PID 11558 (started by ayhanunlu in /Users/ayhanunlu/IdeaProjects/kodluyoruz/KodluyoruzSpringBoot)
2025-08-06T13:20:09.536+03:00  INFO 11558 --- [KodluyoruzSpringBoot] [main] c.a.KodluyoruzSpringBootApplicationTests : No active profile set, falling back to 1 default profile: "default"
2025-08-06T13:20:09.875+03:00  INFO 11558 --- [KodluyoruzSpringBoot] [main] .s.d.r.c.RepositoryConfigurationDelegate : Bootstrapping Spring Data JPA repositories in DEFAULT mode.
2025-08-06T13:20:09.883+03:00  INFO 11558 --- [KodluyoruzSpringBoot] [main] .s.d.r.c.RepositoryConfigurationDelegate : Finished Spring Data repository scanning in 4 ms. Found 0 JPA repository interfaces.
2025-08-06T13:20:10.016+03:00  INFO 11558 --- [KodluyoruzSpringBoot] [main] o.hibernate.jpa.internal.util.LogHelper  : HHH000204: Processing PersistenceUnitInfo [name: default]
2025-08-06T13:20:10.037+03:00  INFO 11558 --- [KodluyoruzSpringBoot] [main] org.hibernate.Version                    : HHH000412: Hibernate ORM core version 6.6.22.Final
2025-08-06T13:20:10.049+03:00  INFO 11558 --- [KodluyoruzSpringBoot] [main] o.h.c.internal.RegionFactoryInitiator    : HHH000026: Second-level cache disabled
2025-08-06T13:20:10.145+03:00  INFO 11558 --- [KodluyoruzSpringBoot] [main] o.s.o.j.p.SpringPersistenceUnitInfo      : No LoadTimeWeaver setup: ignoring JPA class transformer
2025-08-06T13:20:10.156+03:00  INFO 11558 --- [KodluyoruzSpringBoot] [main] com.zaxxer.hikari.HikariDataSource       : HikariPool-1 - Starting...
2025-08-06T13:20:10.299+03:00  INFO 11558 --- [KodluyoruzSpringBoot] [main] com.zaxxer.hikari.pool.HikariPool        : HikariPool-1 - Added connection conn0: url=jdbc:h2:mem:deneme user=ROOT
2025-08-06T13:20:10.299+03:00  INFO 11558 --- [KodluyoruzSpringBoot] [main] com.zaxxer.hikari.HikariDataSource       : HikariPool-1 - Start completed.
2025-08-06T13:20:10.309+03:00  WARN 11558 --- [KodluyoruzSpringBoot] [main] org.hibernate.orm.deprecation            : HHH90000025: H2Dialect does not need to be specified explicitly using 'hibernate.dialect' (remove the property setting and it will be selected by default)
2025-08-06T13:20:10.320+03:00  INFO 11558 --- [KodluyoruzSpringBoot] [main] org.hibernate.orm.connections.pooling    : HHH10001005: Database info:
	Database JDBC URL [Connecting through datasource 'HikariDataSource (HikariPool-1)']
	Database driver: undefined/unknown
	Database version: 2.3.232
	Autocommit mode: undefined/unknown
	Isolation level: undefined/unknown
	Minimum pool size: undefined/unknown
	Maximum pool size: undefined/unknown
2025-08-06T13:20:10.440+03:00  INFO 11558 --- [KodluyoruzSpringBoot] [main] o.h.e.t.j.p.i.JtaPlatformInitiator       : HHH000489: No JTA platform available (set 'hibernate.transaction.jta.platform' to enable JTA platform integration)
2025-08-06T13:20:10.442+03:00  INFO 11558 --- [KodluyoruzSpringBoot] [main] j.LocalContainerEntityManagerFactoryBean : Initialized JPA EntityManagerFactory for persistence unit 'default'
2025-08-06T13:20:10.485+03:00  WARN 11558 --- [KodluyoruzSpringBoot] [main] JpaBaseConfiguration$JpaWebConfiguration : spring.jpa.open-in-view is enabled by default. Therefore, database queries may be performed during view rendering. Explicitly configure spring.jpa.open-in-view to disable this warning
2025-08-06T13:20:10.586+03:00  WARN 11558 --- [KodluyoruzSpringBoot] [main] ion$DefaultTemplateResolverConfiguration : Cannot find template location: classpath:/templates/ (please add some templates, check your Thymeleaf configuration, or set spring.thymeleaf.check-template-location=false)
2025-08-06T13:20:10.687+03:00  WARN 11558 --- [KodluyoruzSpringBoot] [main] .s.s.UserDetailsServiceAutoConfiguration : 

Using generated security password: e8833fd1-8b89-4801-830c-1e53aee459f9

This generated password is for development use only. Your security configuration must be updated before running your application in production.

2025-08-06T13:20:10.689+03:00  INFO 11558 --- [KodluyoruzSpringBoot] [main] r$InitializeUserDetailsManagerConfigurer : Global AuthenticationManager configured with UserDetailsService bean with name inMemoryUserDetailsManager
2025-08-06T13:20:10.720+03:00  INFO 11558 --- [KodluyoruzSpringBoot] [main] o.s.b.a.e.web.EndpointLinksResolver      : Exposing 1 endpoint beneath base path '/actuator'
2025-08-06T13:20:10.738+03:00  INFO 11558 --- [KodluyoruzSpringBoot] [main] o.s.b.a.h2.H2ConsoleAutoConfiguration    : H2 console available at '/h2-console'. Database available at 'jdbc:h2:mem:deneme'
2025-08-06T13:20:10.773+03:00  INFO 11558 --- [KodluyoruzSpringBoot] [main] c.a.KodluyoruzSpringBootApplicationTests : Started KodluyoruzSpringBootApplicationTests in 1.352 seconds (process running for 1.736)
2025-08-06T13:20:11.012+03:00  INFO 11558 --- [KodluyoruzSpringBoot] [SpringApplicationShutdownHook] j.LocalContainerEntityManagerFactoryBean : Closing JPA EntityManagerFactory for persistence unit 'default'
2025-08-06T13:20:11.013+03:00  INFO 11558 --- [KodluyoruzSpringBoot] [SpringApplicationShutdownHook] com.zaxxer.hikari.HikariDataSource       : HikariPool-1 - Shutdown initiated...
2025-08-06T13:20:11.013+03:00  INFO 11558 --- [KodluyoruzSpringBoot] [SpringApplicationShutdownHook] com.zaxxer.hikari.HikariDataSource       : HikariPool-1 - Shutdown completed.
